10.04.2018 17:44:47 ====================== Uruchomienie programu ======================
10.04.2018 17:44:52 Nacisniecie przyciksu wykonaj. Z parametrami: url: https://kwejk.pl/ mail: fiwo137@gmail.com keyword: nie
10.04.2018 17:44:52 Stworzenie PAgeHtml z  url: https://kwejk.pl/
10.04.2018 17:44:52 Nacisniecie przyciksu wykonaj. Z parametrami: temp: 18 mail: fiwo137@gmail.com miasto: Wrocław
10.04.2018 17:44:52 Nacisniecie przyciksu wykonaj. Z parametrami: temp: 23 mail: fiwo137@gmail.com miasto: Bogatynia
10.04.2018 17:44:52 Stworzono klase MailSender z: Mymail: automail226303@gmail.com MailHost: smtp.gmail.comTargetEmail: fiwo137@gmail.comOraz Defultowym hasłem
10.04.2018 17:44:52 Stworzono klase MailSender z: Mymail: automail226303@gmail.com MailHost: smtp.gmail.comTargetEmail: fiwo137@gmail.comOraz Defultowym hasłem
10.04.2018 17:44:52 Stworzono klase MailSender z: Mymail: automail226303@gmail.com MailHost: smtp.gmail.comTargetEmail: fiwo137@gmail.comOraz Defultowym hasłem
10.04.2018 17:44:52 Nacisniecie przyciksu wykonaj. Z parametrami: url: https://kwejk.pl/ mail: fiwo137@gmail.com keyword: nie
10.04.2018 17:44:52 Stworzenie PAgeHtml z  url: https://kwejk.pl/
10.04.2018 17:44:52 Stworzono klase MailSender z: Mymail: automail226303@gmail.com MailHost: smtp.gmail.comTargetEmail: fiwo137@gmail.comOraz Defultowym hasłem
10.04.2018 17:44:52 Nacisniecie przyciksu wykonaj. Z parametrami: url: https://kwejk.pl/ mail: fiwo137@gmail.com keyword: heheszki
10.04.2018 17:44:52 Stworzenie PAgeHtml z  url: https://kwejk.pl/
10.04.2018 17:44:52 Stworzono klase MailSender z: Mymail: automail226303@gmail.com MailHost: smtp.gmail.comTargetEmail: fiwo137@gmail.comOraz Defultowym hasłem
10.04.2018 17:44:52 Nacisniecie przyciksu wykonaj. Z parametrami: temp: 17 mail: fiwo137@gmail.com miasto: Bogatynia
10.04.2018 17:44:52 Stworzono klase MailSender z: Mymail: automail226303@gmail.com MailHost: smtp.gmail.comTargetEmail: fiwo137@gmail.comOraz Defultowym hasłem
10.04.2018 17:44:52SendEmail(): Stworzono wiadomośc z tekstem (bez złącznika). Parametry: keyword: Dzisiaj w Wrocław jest 20 stopni. 
Ciśnienie: 1007
Wiatr: 20,52 km/h 
 imageURL: http://openweathermap.org/img/w/01d.pngnameOfImage: tmpTempSender987.png
10.04.2018 17:44:52 Temperatura jest niższa niz podano nie robie nic
10.04.2018 17:44:52 Błąd: System.Net.WebException: Wystąpił wyjątek podczas żądania klienta WebClient. ---> System.IO.IOException: Proces nie może uzyskać dostępu do pliku „C:\Users\fiwo1\Desktop\Politechnika Wrocławska\jttt\JTTT\bin\Debug\tmpTempSender987.png”, ponieważ jest on używany przez inny proces.
   w System.IO.__Error.WinIOError(Int32 errorCode, String maybeFullPath)
   w System.IO.FileStream.Init(String path, FileMode mode, FileAccess access, Int32 rights, Boolean useRights, FileShare share, Int32 bufferSize, FileOptions options, SECURITY_ATTRIBUTES secAttrs, String msgPath, Boolean bFromProxy, Boolean useLongPath, Boolean checkHost)
   w System.IO.FileStream..ctor(String path, FileMode mode, FileAccess access)
   w System.Net.WebClient.DownloadFile(Uri address, String fileName)
   --- Koniec śladu stosu wyjątków wewnętrznych ---
   w System.Net.WebClient.DownloadFile(Uri address, String fileName)
   w System.Net.WebClient.DownloadFile(String address, String fileName)
   w JTTT.TaskTempSender.Process() w C:\Users\fiwo1\Desktop\Politechnika Wrocławska\jttt\JTTT\TaskTempSender.cs:wiersz 53
10.04.2018 17:44:52 SearchSentence(): Stworzenie HtmlDocument z strony sciagnietej prez WebClient.DownloadString 
10.04.2018 17:44:52 SearchSentence(): Stworzenie HtmlDocument z strony sciagnietej prez WebClient.DownloadString 
10.04.2018 17:44:52 10.04.2018 17:44:52SearchSentence(): Nie znaleziono pasujacych nodow - zwracam pousty String
10.04.2018 17:44:52 Nie znaleziono obrazka! Prawdopodobnie zła nazwa obrazka! 

10.04.2018 17:44:52 10.04.2018 17:44:52SearchSentence(): Nie znaleziono pasujacych nodow - zwracam pousty String
10.04.2018 17:44:52 Nie znaleziono obrazka! Prawdopodobnie zła nazwa obrazka! 

10.04.2018 17:44:52 SearchSentence(): Stworzenie HtmlDocument z strony sciagnietej prez WebClient.DownloadString 
10.04.2018 17:44:52 10.04.2018 17:44:52SearchSentence(): Nie znaleziono pasujacych nodow - zwracam pousty String
10.04.2018 17:44:52 Nie znaleziono obrazka! Prawdopodobnie zła nazwa obrazka! 

10.04.2018 17:44:54SendEmail(): wysłano wiadomosć wraz z załącznikiem parametry: keyword: Dzisiaj w Wrocław jest 20 stopni. 
Ciśnienie: 1007
Wiatr: 20,52 km/h 
 imageURL: http://openweathermap.org/img/w/01d.pngnameOfImage: tmpTempSender987.png
10.04.2018 17:44:54 Barwo! Wysłałeś Obrazek o URL: http://openweathermap.org/img/w/01d.png

10.04.2018 17:46:40 ====================== Uruchomienie programu ======================
10.04.2018 17:46:45 Nacisniecie przyciksu wykonaj. Z parametrami: url: https://kwejk.pl/ mail: fiwo137@gmail.com keyword: nie
10.04.2018 17:46:45 Stworzenie PAgeHtml z  url: https://kwejk.pl/
10.04.2018 17:46:45 Nacisniecie przyciksu wykonaj. Z parametrami: temp: 18 mail: fiwo137@gmail.com miasto: Wrocław
10.04.2018 17:46:45 Nacisniecie przyciksu wykonaj. Z parametrami: temp: 23 mail: fiwo137@gmail.com miasto: Bogatynia
10.04.2018 17:46:45 Stworzono klase MailSender z: Mymail: automail226303@gmail.com MailHost: smtp.gmail.comTargetEmail: fiwo137@gmail.comOraz Defultowym hasłem
10.04.2018 17:46:45 Stworzono klase MailSender z: Mymail: automail226303@gmail.com MailHost: smtp.gmail.comTargetEmail: fiwo137@gmail.comOraz Defultowym hasłem
10.04.2018 17:46:45 Stworzono klase MailSender z: Mymail: automail226303@gmail.com MailHost: smtp.gmail.comTargetEmail: fiwo137@gmail.comOraz Defultowym hasłem
10.04.2018 17:46:45 Nacisniecie przyciksu wykonaj. Z parametrami: url: https://kwejk.pl/ mail: fiwo137@gmail.com keyword: nie
10.04.2018 17:46:45 Stworzenie PAgeHtml z  url: https://kwejk.pl/
10.04.2018 17:46:45 Stworzono klase MailSender z: Mymail: automail226303@gmail.com MailHost: smtp.gmail.comTargetEmail: fiwo137@gmail.comOraz Defultowym hasłem
10.04.2018 17:46:45 Nacisniecie przyciksu wykonaj. Z parametrami: url: https://kwejk.pl/ mail: fiwo137@gmail.com keyword: heheszki
10.04.2018 17:46:45 Stworzenie PAgeHtml z  url: https://kwejk.pl/
10.04.2018 17:46:45 Stworzono klase MailSender z: Mymail: automail226303@gmail.com MailHost: smtp.gmail.comTargetEmail: fiwo137@gmail.comOraz Defultowym hasłem
10.04.2018 17:46:45 Nacisniecie przyciksu wykonaj. Z parametrami: temp: 17 mail: fiwo137@gmail.com miasto: Bogatynia
10.04.2018 17:46:45 Stworzono klase MailSender z: Mymail: automail226303@gmail.com MailHost: smtp.gmail.comTargetEmail: fiwo137@gmail.comOraz Defultowym hasłem
10.04.2018 17:46:45 Temperatura jest niższa niz podano nie robie nic
10.04.2018 17:46:45SendEmail(): Stworzono wiadomośc z tekstem (bez złącznika). Parametry: keyword: Dzisiaj w Wrocław jest 20 stopni. 
Ciśnienie: 1007
Wiatr: 20,52 km/h 
 imageURL: http://openweathermap.org/img/w/01d.pngnameOfImage: tmpTempSender35270.png
10.04.2018 17:46:45 Błąd: System.Net.WebException: Wystąpił wyjątek podczas żądania klienta WebClient. ---> System.IO.IOException: Proces nie może uzyskać dostępu do pliku „C:\Users\fiwo1\Desktop\Politechnika Wrocławska\jttt\JTTT\bin\Debug\tmpTempSender35270.png”, ponieważ jest on używany przez inny proces.
   w System.IO.__Error.WinIOError(Int32 errorCode, String maybeFullPath)
   w System.IO.FileStream.Init(String path, FileMode mode, FileAccess access, Int32 rights, Boolean useRights, FileShare share, Int32 bufferSize, FileOptions options, SECURITY_ATTRIBUTES secAttrs, String msgPath, Boolean bFromProxy, Boolean useLongPath, Boolean checkHost)
   w System.IO.FileStream..ctor(String path, FileMode mode, FileAccess access)
   w System.Net.WebClient.DownloadFile(Uri address, String fileName)
   --- Koniec śladu stosu wyjątków wewnętrznych ---
   w System.Net.WebClient.DownloadFile(Uri address, String fileName)
   w System.Net.WebClient.DownloadFile(String address, String fileName)
   w JTTT.TaskTempSender.Process() w C:\Users\fiwo1\Desktop\Politechnika Wrocławska\jttt\JTTT\TaskTempSender.cs:wiersz 53
10.04.2018 17:46:45 SearchSentence(): Stworzenie HtmlDocument z strony sciagnietej prez WebClient.DownloadString 
10.04.2018 17:46:45 SearchSentence(): Stworzenie HtmlDocument z strony sciagnietej prez WebClient.DownloadString 
10.04.2018 17:46:45 10.04.2018 17:46:45SearchSentence(): Nie znaleziono pasujacych nodow - zwracam pousty String
10.04.2018 17:46:45 Nie znaleziono obrazka! Prawdopodobnie zła nazwa obrazka! 

10.04.2018 17:46:45 10.04.2018 17:46:45SearchSentence(): Nie znaleziono pasujacych nodow - zwracam pousty String
10.04.2018 17:46:45 Nie znaleziono obrazka! Prawdopodobnie zła nazwa obrazka! 

10.04.2018 17:46:45 SearchSentence(): Stworzenie HtmlDocument z strony sciagnietej prez WebClient.DownloadString 
10.04.2018 17:46:45 10.04.2018 17:46:45SearchSentence(): Nie znaleziono pasujacych nodow - zwracam pousty String
10.04.2018 17:46:45 Nie znaleziono obrazka! Prawdopodobnie zła nazwa obrazka! 

10.04.2018 17:46:47SendEmail(): wysłano wiadomosć wraz z załącznikiem parametry: keyword: Dzisiaj w Wrocław jest 20 stopni. 
Ciśnienie: 1007
Wiatr: 20,52 km/h 
 imageURL: http://openweathermap.org/img/w/01d.pngnameOfImage: tmpTempSender35270.png
10.04.2018 17:46:47 Barwo! Wysłałeś Obrazek o URL: http://openweathermap.org/img/w/01d.png

10.04.2018 17:58:36 ====================== Uruchomienie programu ======================
10.04.2018 17:58:47SendEmail(): Stworzono wiadomośc z tekstem (bez złącznika). Parametry: keyword: Dzisiaj w Wrocław jest 20 stopni. 
Ciśnienie: 1007
Wiatr: 20,52 km/h 
 imageURL: http://openweathermap.org/img/w/01d.pngnameOfImage: tmpTempSender52005.png
10.04.2018 17:58:46 Nacisniecie przyciksu wykonaj. Z parametrami: url: https://kwejk.pl/ mail: fiwo137@gmail.com keyword: nie
10.04.2018 17:58:46 Stworzenie PAgeHtml z  url: https://kwejk.pl/
10.04.2018 17:58:46 Stworzono klase MailSender z: Mymail: automail226303@gmail.com MailHost: smtp.gmail.comTargetEmail: fiwo137@gmail.comOraz Defultowym hasłem
10.04.2018 17:58:46 Nacisniecie przyciksu wykonaj. Z parametrami: url: https://kwejk.pl/ mail: fiwo137@gmail.com keyword: nie
10.04.2018 17:58:46 Nacisniecie przyciksu wykonaj. Z parametrami: temp: 18 mail: fiwo137@gmail.com miasto: Wrocław
10.04.2018 17:58:46 Stworzenie PAgeHtml z  url: https://kwejk.pl/
10.04.2018 17:58:46 Stworzono klase MailSender z: Mymail: automail226303@gmail.com MailHost: smtp.gmail.comTargetEmail: fiwo137@gmail.comOraz Defultowym hasłem
10.04.2018 17:58:46 Stworzono klase MailSender z: Mymail: automail226303@gmail.com MailHost: smtp.gmail.comTargetEmail: fiwo137@gmail.comOraz Defultowym hasłem
10.04.2018 17:58:46 Nacisniecie przyciksu wykonaj. Z parametrami: temp: 23 mail: fiwo137@gmail.com miasto: Bogatynia
10.04.2018 17:58:46 Stworzono klase MailSender z: Mymail: automail226303@gmail.com MailHost: smtp.gmail.comTargetEmail: fiwo137@gmail.comOraz Defultowym hasłem
10.04.2018 17:58:46 Nacisniecie przyciksu wykonaj. Z parametrami: url: https://kwejk.pl/ mail: fiwo137@gmail.com keyword: heheszki
10.04.2018 17:58:46 Stworzenie PAgeHtml z  url: https://kwejk.pl/
10.04.2018 17:58:46 Stworzono klase MailSender z: Mymail: automail226303@gmail.com MailHost: smtp.gmail.comTargetEmail: fiwo137@gmail.comOraz Defultowym hasłem
10.04.2018 17:58:46 Nacisniecie przyciksu wykonaj. Z parametrami: temp: 17 mail: fiwo137@gmail.com miasto: Bogatynia
10.04.2018 17:58:46 Stworzono klase MailSender z: Mymail: automail226303@gmail.com MailHost: smtp.gmail.comTargetEmail: fiwo137@gmail.comOraz Defultowym hasłem
10.04.2018 17:58:47 Temperatura jest niższa niz podano nie robie nic
10.04.2018 17:58:47 Błąd: System.Net.WebException: Wystąpił wyjątek podczas żądania klienta WebClient. ---> System.IO.IOException: Proces nie może uzyskać dostępu do pliku „C:\Users\fiwo1\Desktop\Politechnika Wrocławska\jttt\JTTT\bin\Debug\tmpTempSender52005.png”, ponieważ jest on używany przez inny proces.
   w System.IO.__Error.WinIOError(Int32 errorCode, String maybeFullPath)
   w System.IO.FileStream.Init(String path, FileMode mode, FileAccess access, Int32 rights, Boolean useRights, FileShare share, Int32 bufferSize, FileOptions options, SECURITY_ATTRIBUTES secAttrs, String msgPath, Boolean bFromProxy, Boolean useLongPath, Boolean checkHost)
   w System.IO.FileStream..ctor(String path, FileMode mode, FileAccess access)
   w System.Net.WebClient.DownloadFile(Uri address, String fileName)
   --- Koniec śladu stosu wyjątków wewnętrznych ---
   w System.Net.WebClient.DownloadFile(Uri address, String fileName)
   w System.Net.WebClient.DownloadFile(String address, String fileName)
   w JTTT.TaskTempSender.Process() w C:\Users\fiwo1\Desktop\Politechnika Wrocławska\jttt\JTTT\TaskTempSender.cs:wiersz 53
10.04.2018 17:58:47 SearchSentence(): Stworzenie HtmlDocument z strony sciagnietej prez WebClient.DownloadString 
10.04.2018 17:58:47 SearchSentence(): Stworzenie HtmlDocument z strony sciagnietej prez WebClient.DownloadString 
10.04.2018 17:58:47 10.04.2018 17:58:47SearchSentence(): Nie znaleziono pasujacych nodow - zwracam pousty String
10.04.2018 17:58:47 Nie znaleziono obrazka! Prawdopodobnie zła nazwa obrazka! 

10.04.2018 17:58:47 10.04.2018 17:58:47SearchSentence(): Nie znaleziono pasujacych nodow - zwracam pousty String
10.04.2018 17:58:47 Nie znaleziono obrazka! Prawdopodobnie zła nazwa obrazka! 

10.04.2018 17:58:47 SearchSentence(): Stworzenie HtmlDocument z strony sciagnietej prez WebClient.DownloadString 
10.04.2018 17:58:47 10.04.2018 17:58:47SearchSentence(): Nie znaleziono pasujacych nodow - zwracam pousty String
10.04.2018 17:58:47 Nie znaleziono obrazka! Prawdopodobnie zła nazwa obrazka! 

10.04.2018 17:58:49SendEmail(): wysłano wiadomosć wraz z załącznikiem parametry: keyword: Dzisiaj w Wrocław jest 20 stopni. 
Ciśnienie: 1007
Wiatr: 20,52 km/h 
 imageURL: http://openweathermap.org/img/w/01d.pngnameOfImage: tmpTempSender52005.png
10.04.2018 17:58:49 Barwo! Wysłałeś Obrazek o URL: http://openweathermap.org/img/w/01d.png

10.04.2018 18:39:10 ====================== Uruchomienie programu ======================
10.04.2018 18:39:25SendEmail(): Stworzono wiadomośc z tekstem (bez złącznika). Parametry: keyword: Dzisiaj w Wrocław jest 19 stopni. 
Ciśnienie: 1007
Wiatr: 24,12 km/h 
 imageURL: http://openweathermap.org/img/w/01d.pngnameOfImage: tmpTempSender273.png
10.04.2018 18:39:24 Stworzenie PAgeHtml z  url: https://kwejk.pl/
10.04.2018 18:39:24 Nacisniecie przyciksu wykonaj. Z parametrami: temp: 18 mail: fiwo137@gmail.com miasto: Wrocław
10.04.2018 18:39:24 Nacisniecie przyciksu wykonaj. Z parametrami: temp: 23 mail: fiwo137@gmail.com miasto: Bogatynia
10.04.2018 18:39:24 Stworzono klase MailSender z: Mymail: automail226303@gmail.com MailHost: smtp.gmail.comTargetEmail: fiwo137@gmail.comOraz Defultowym hasłem
10.04.2018 18:39:24 Stworzono klase MailSender z: Mymail: automail226303@gmail.com MailHost: smtp.gmail.comTargetEmail: fiwo137@gmail.comOraz Defultowym hasłem
10.04.2018 18:39:24 Stworzono klase MailSender z: Mymail: automail226303@gmail.com MailHost: smtp.gmail.comTargetEmail: fiwo137@gmail.comOraz Defultowym hasłem
10.04.2018 18:39:24 Nacisniecie przyciksu wykonaj. Z parametrami: url: https://kwejk.pl/ mail: fiwo137@gmail.com keyword: nie
10.04.2018 18:39:24 Stworzenie PAgeHtml z  url: https://kwejk.pl/
10.04.2018 18:39:24 Stworzono klase MailSender z: Mymail: automail226303@gmail.com MailHost: smtp.gmail.comTargetEmail: fiwo137@gmail.comOraz Defultowym hasłem
10.04.2018 18:39:24 Nacisniecie przyciksu wykonaj. Z parametrami: url: https://kwejk.pl/ mail: fiwo137@gmail.com keyword: heheszki
10.04.2018 18:39:24 Stworzenie PAgeHtml z  url: https://kwejk.pl/
10.04.2018 18:39:24 Stworzono klase MailSender z: Mymail: automail226303@gmail.com MailHost: smtp.gmail.comTargetEmail: fiwo137@gmail.comOraz Defultowym hasłem
10.04.2018 18:39:24 Nacisniecie przyciksu wykonaj. Z parametrami: temp: 17 mail: fiwo137@gmail.com miasto: Bogatynia
10.04.2018 18:39:24 Stworzono klase MailSender z: Mymail: automail226303@gmail.com MailHost: smtp.gmail.comTargetEmail: fiwo137@gmail.comOraz Defultowym hasłem
10.04.2018 18:39:24 SearchSentence(): Stworzenie HtmlDocument z strony sciagnietej prez WebClient.DownloadString 
10.04.2018 18:39:24 SearchSentence(): Stworzenie HtmlDocument z strony sciagnietej prez WebClient.DownloadString 
10.04.2018 18:39:24 10.04.2018 18:39:24SearchSentence(): Nie znaleziono pasujacych nodow - zwracam pousty String
10.04.2018 18:39:24 Nie znaleziono obrazka! Prawdopodobnie zła nazwa obrazka! 

10.04.2018 18:39:24 10.04.2018 18:39:24SearchSentence(): Nie znaleziono pasujacych nodow - zwracam pousty String
10.04.2018 18:39:24 Nie znaleziono obrazka! Prawdopodobnie zła nazwa obrazka! 

10.04.2018 18:39:24 SearchSentence(): Stworzenie HtmlDocument z strony sciagnietej prez WebClient.DownloadString 
10.04.2018 18:39:24 10.04.2018 18:39:24SearchSentence(): Nie znaleziono pasujacych nodow - zwracam pousty String
10.04.2018 18:39:24 Nie znaleziono obrazka! Prawdopodobnie zła nazwa obrazka! 

10.04.2018 18:39:24 Temperatura jest niższa niz podano nie robie nic
10.04.2018 18:39:24 Temperatura jest niższa niz podano nie robie nic
10.04.2018 18:39:27SendEmail(): wysłano wiadomosć wraz z załącznikiem parametry: keyword: Dzisiaj w Wrocław jest 19 stopni. 
Ciśnienie: 1007
Wiatr: 24,12 km/h 
 imageURL: http://openweathermap.org/img/w/01d.pngnameOfImage: tmpTempSender273.png
10.04.2018 18:39:27 Barwo! Wysłałeś Obrazek o URL: http://openweathermap.org/img/w/01d.png

